<?xml version="1.0" encoding="UTF-8"?>
<!-- Generated by org.testng.reporters.JUnitReportReporter -->
<testsuite skipped="0" hostname="NGBLR-00884" name="bdd.restAssured_apiFramework.AppTest" tests="1" failures="0" timestamp="2021-04-08T15:57:08 IST" time="0.016" errors="0">
  <testcase name="shouldAnswerWithTrue" time="0.016" classname="bdd.restAssured_apiFramework.AppTest"/>
  <system-out/>
</testsuite> <!-- bdd.restAssured_apiFramework.AppTest -->
